[debug] [2023-12-02T00:06:39.555Z] ----------------------------------------------------------------------
[debug] [2023-12-02T00:06:39.555Z] Command:       /Users/vvadooth/.nvm/versions/node/v16.14.0/bin/node /Users/vvadooth/.nvm/versions/node/v16.14.0/bin/firebase init
[debug] [2023-12-02T00:06:39.555Z] CLI Version:   12.9.1
[debug] [2023-12-02T00:06:39.556Z] Platform:      darwin
[debug] [2023-12-02T00:06:39.556Z] Node Version:  v16.14.0
[debug] [2023-12-02T00:06:39.556Z] Time:          Fri Dec 01 2023 16:06:39 GMT-0800 (Pacific Standard Time)
[debug] [2023-12-02T00:06:39.556Z] ----------------------------------------------------------------------
[debug] 
[debug] [2023-12-02T00:06:39.559Z] > command requires scopes: ["email","openid","https://www.googleapis.com/auth/cloudplatformprojects.readonly","https://www.googleapis.com/auth/firebase","https://www.googleapis.com/auth/cloud-platform"]
[debug] [2023-12-02T00:06:39.559Z] > authorizing via signed-in user (rentora.ai@gmail.com)
[info] 
     ######## #### ########  ######## ########     ###     ######  ########
     ##        ##  ##     ## ##       ##     ##  ##   ##  ##       ##
     ######    ##  ########  ######   ########  #########  ######  ######
     ##        ##  ##    ##  ##       ##     ## ##     ##       ## ##
     ##       #### ##     ## ######## ########  ##     ##  ######  ########

You're about to initialize a Firebase project in this directory:

  /Users/vvadooth/Documents/GitHub/Rentora/rentora-website

[info] 
=== Project Setup
[info] 
[info] First, let's associate this project directory with a Firebase project.
[info] You can create multiple project aliases by running firebase use --add, 
[info] but for now we'll just set up a default project.
[info] 
[debug] [2023-12-02T00:06:51.351Z] >>> [apiv2][query] GET https://firebase.googleapis.com/v1beta1/projects pageSize=100
[debug] [2023-12-02T00:06:52.136Z] <<< [apiv2][status] GET https://firebase.googleapis.com/v1beta1/projects 200
[debug] [2023-12-02T00:06:52.136Z] <<< [apiv2][body] GET https://firebase.googleapis.com/v1beta1/projects [omitted]
[info] i  Using project rentora-585e0 (Rentora) 
[info] 
=== Database Setup
[info] i  database: ensuring required API firebasedatabase.googleapis.com is enabled... 
[debug] [2023-12-02T00:06:52.200Z] >>> [apiv2][query] GET https://serviceusage.googleapis.com/v1/projects/rentora-585e0/services/firebasedatabase.googleapis.com [none]
[debug] [2023-12-02T00:06:52.200Z] >>> [apiv2][(partial)header] GET https://serviceusage.googleapis.com/v1/projects/rentora-585e0/services/firebasedatabase.googleapis.com x-goog-quota-user=projects/rentora-585e0
[debug] [2023-12-02T00:06:52.888Z] <<< [apiv2][status] GET https://serviceusage.googleapis.com/v1/projects/rentora-585e0/services/firebasedatabase.googleapis.com 200
[debug] [2023-12-02T00:06:52.889Z] <<< [apiv2][body] GET https://serviceusage.googleapis.com/v1/projects/rentora-585e0/services/firebasedatabase.googleapis.com [omitted]
[warn] ⚠  database: missing required API firebasedatabase.googleapis.com. Enabling now... 
[debug] [2023-12-02T00:06:52.890Z] >>> [apiv2][query] POST https://serviceusage.googleapis.com/v1/projects/rentora-585e0/services/firebasedatabase.googleapis.com:enable [none]
[debug] [2023-12-02T00:06:52.890Z] >>> [apiv2][(partial)header] POST https://serviceusage.googleapis.com/v1/projects/rentora-585e0/services/firebasedatabase.googleapis.com:enable x-goog-quota-user=projects/rentora-585e0
[debug] [2023-12-02T00:06:53.691Z] <<< [apiv2][status] POST https://serviceusage.googleapis.com/v1/projects/rentora-585e0/services/firebasedatabase.googleapis.com:enable 200
[debug] [2023-12-02T00:06:53.691Z] <<< [apiv2][body] POST https://serviceusage.googleapis.com/v1/projects/rentora-585e0/services/firebasedatabase.googleapis.com:enable [omitted]
